#
# There is insufficient memory for the Java Runtime Environment to continue.
# Native memory allocation (malloc) failed to allocate 1048576 bytes for AllocateHeap
# Possible reasons:
#   The system is out of physical RAM or swap space
#   In 32 bit mode, the process size limit was hit
# Possible solutions:
#   Reduce memory load on the system
#   Increase physical memory or swap space
#   Check if swap backing store is full
#   Use 64 bit Java on a 64 bit OS
#   Decrease Java heap size (-Xmx/-Xms)
#   Decrease number of Java threads
#   Decrease Java thread stack sizes (-Xss)
#   Set larger code cache with -XX:ReservedCodeCacheSize=
# This output file may be truncated or incomplete.
#
#  Out of Memory Error (memory/allocation.inline.hpp:61), pid=10424, tid=16124
#
# JRE version:  (8.0_45-b15) (build )
# Java VM: Java HotSpot(TM) 64-Bit Server VM (25.45-b02 mixed mode windows-amd64 compressed oops)
# Failed to write core dump. Minidumps are not enabled by default on client versions of Windows
#

---------------  T H R E A D  ---------------

Current thread (0x00000000029f2800):  JavaThread "Unknown thread" [_thread_in_vm, id=16124, stack(0x00000000028f0000,0x00000000029f0000)]

Stack: [0x00000000028f0000,0x00000000029f0000]
Native frames: (J=compiled Java code, j=interpreted, Vv=VM code, C=native code)
V  [jvm.dll+0x32b57a]
V  [jvm.dll+0x279873]
V  [jvm.dll+0x27a509]
V  [jvm.dll+0x271825]
V  [jvm.dll+0x1606]
V  [jvm.dll+0x270892]
V  [jvm.dll+0x3eee4a]
V  [jvm.dll+0x3ea7a7]
V  [jvm.dll+0xf2cf2]
V  [jvm.dll+0x20f0c9]
V  [jvm.dll+0x240e0a]
V  [jvm.dll+0x15ba41]
C  [java.exe+0x216e]
C  [java.exe+0xcce7]
C  [java.exe+0xcd7b]
C  [KERNEL32.DLL+0x12d92]
C  [ntdll.dll+0x9f64]


---------------  P R O C E S S  ---------------

Java Threads: ( => current thread )

Other Threads:

=>0x00000000029f2800 (exited) JavaThread "Unknown thread" [_thread_in_vm, id=16124, stack(0x00000000028f0000,0x00000000029f0000)]

VM state:not at safepoint (normal execution)

VM Mutex/Monitor currently owned by a thread: None

Heap:
 PSYoungGen      total 38400K, used 665K [0x00000000eab00000, 0x00000000ed580000, 0x0000000100000000)
  eden space 33280K, 2% used [0x00000000eab00000,0x00000000eaba6670,0x00000000ecb80000)
  from space 5120K, 0% used [0x00000000ed080000,0x00000000ed080000,0x00000000ed580000)
  to   space 5120K, 0% used [0x00000000ecb80000,0x00000000ecb80000,0x00000000ed080000)
 ParOldGen       total 87552K, used 0K [0x00000000c0000000, 0x00000000c5580000, 0x00000000eab00000)
  object space 87552K, 0% used [0x00000000c0000000,0x00000000c0000000,0x00000000c5580000)
 Metaspace       used 766K, capacity 4480K, committed 4480K, reserved 1056768K
  class space    used 75K, capacity 384K, committed 384K, reserved 1048576K

Card table byte_map: [0x0000000011eb0000,0x00000000120c0000] byte_map_base: 0x00000000118b0000

Marking Bits: (ParMarkBitMap*) 0x0000000067d04040
 Begin Bits: [0x0000000012a20000, 0x0000000013a20000)
 End Bits:   [0x0000000013a20000, 0x0000000014a20000)

Polling page: 0x00000000010d0000

CodeCache: size=245760Kb used=328Kb max_used=328Kb free=245431Kb
 bounds [0x0000000002af0000, 0x0000000002d60000, 0x0000000011af0000]
 total_blobs=57 nmethods=0 adapters=37
 compilation: enabled

Compilation events (0 events):
No events

GC Heap History (0 events):
No events

Deoptimization events (0 events):
No events

Internal exceptions (0 events):
No events

Events (10 events):
Event: 0.027 loading class java/lang/Short
Event: 0.027 loading class java/lang/Short done
Event: 0.027 loading class java/lang/Integer
Event: 0.027 loading class java/lang/Integer done
Event: 0.027 loading class java/lang/Long
Event: 0.027 loading class java/lang/Long done
Event: 0.028 loading class java/lang/NullPointerException
Event: 0.028 loading class java/lang/NullPointerException done
Event: 0.028 loading class java/lang/ArithmeticException
Event: 0.028 loading class java/lang/ArithmeticException done


Dynamic libraries:
0x00007ff734b50000 - 0x00007ff734b87000 	C:\Program Files\Java\jdk1.8.0_45\bin\java.exe
0x00007ffbc7680000 - 0x00007ffbc7841000 	C:\WINDOWS\SYSTEM32\ntdll.dll
0x00007ffbc4d70000 - 0x00007ffbc4e1d000 	C:\WINDOWS\system32\KERNEL32.DLL
0x00007ffbc4880000 - 0x00007ffbc4a5d000 	C:\WINDOWS\system32\KERNELBASE.dll
0x00007ffbc73e0000 - 0x00007ffbc7486000 	C:\WINDOWS\system32\ADVAPI32.dll
0x00007ffbc4f00000 - 0x00007ffbc4f9d000 	C:\WINDOWS\system32\msvcrt.dll
0x00007ffbc7620000 - 0x00007ffbc767b000 	C:\WINDOWS\system32\sechost.dll
0x00007ffbc7490000 - 0x00007ffbc75b6000 	C:\WINDOWS\system32\RPCRT4.dll
0x00007ffbc5810000 - 0x00007ffbc595e000 	C:\WINDOWS\system32\USER32.dll
0x00007ffbc5230000 - 0x00007ffbc53b6000 	C:\WINDOWS\system32\GDI32.dll
0x00007ffbc0a40000 - 0x00007ffbc0cb4000 	C:\WINDOWS\WinSxS\amd64_microsoft.windows.common-controls_6595b64144ccf1df_6.0.10240.16384_none_f41f7b285750ef43\COMCTL32.dll
0x00007ffbc5960000 - 0x00007ffbc5996000 	C:\WINDOWS\system32\IMM32.DLL
0x00007ffbc56b0000 - 0x00007ffbc580c000 	C:\WINDOWS\system32\MSCTF.dll
0x0000000068950000 - 0x0000000068a22000 	C:\Program Files\Java\jdk1.8.0_45\jre\bin\msvcr100.dll
0x0000000067500000 - 0x0000000067d83000 	C:\Program Files\Java\jdk1.8.0_45\jre\bin\server\jvm.dll
0x00007ffbc7360000 - 0x00007ffbc7368000 	C:\WINDOWS\system32\PSAPI.DLL
0x00007ffbb8280000 - 0x00007ffbb8289000 	C:\WINDOWS\SYSTEM32\WSOCK32.dll
0x00007ffbc2260000 - 0x00007ffbc2283000 	C:\WINDOWS\SYSTEM32\WINMM.dll
0x00007ffbc0d70000 - 0x00007ffbc0d7a000 	C:\WINDOWS\SYSTEM32\VERSION.dll
0x00007ffbc4e20000 - 0x00007ffbc4e89000 	C:\WINDOWS\system32\WS2_32.dll
0x00007ffbc5220000 - 0x00007ffbc5228000 	C:\WINDOWS\system32\NSI.dll
0x00007ffbc2230000 - 0x00007ffbc225c000 	C:\WINDOWS\SYSTEM32\WINMMBASE.dll
0x00007ffbc4200000 - 0x00007ffbc4244000 	C:\WINDOWS\system32\cfgmgr32.dll
0x00007ffbc2a20000 - 0x00007ffbc2a47000 	C:\WINDOWS\SYSTEM32\DEVOBJ.dll
0x0000000067fa0000 - 0x0000000067faf000 	C:\Program Files\Java\jdk1.8.0_45\jre\bin\verify.dll
0x0000000067f70000 - 0x0000000067f99000 	C:\Program Files\Java\jdk1.8.0_45\jre\bin\java.dll
0x0000000067f50000 - 0x0000000067f66000 	C:\Program Files\Java\jdk1.8.0_45\jre\bin\zip.dll
0x00007ffba86d0000 - 0x00007ffba885a000 	C:\WINDOWS\SYSTEM32\dbghelp.dll

VM Arguments:
jvm_args: -Xmx1024M -Dfile.encoding=windows-1252 -Duser.country=US -Duser.language=en -Duser.variant 
java_command: com.android.dx.command.Main --dex --output E:\DevLife\codelap\Android\GoogleCompetation\SunShine2\app\build\intermediates\dex\debug E:\DevLife\codelap\Android\GoogleCompetation\SunShine2\app\build\intermediates\classes\debug E:\DevLife\codelap\Android\GoogleCompetation\SunShine2\app\build\intermediates\pre-dexed\debug\support-annotations-22.2.1-b090b2545746f3e85c0ac01aa6f13457276da47b.jar E:\DevLife\codelap\Android\GoogleCompetation\SunShine2\app\build\intermediates\pre-dexed\debug\internal_impl-22.2.1-80c4f142aa5a22eb111b151b942034d89ea040f1.jar E:\DevLife\codelap\Android\GoogleCompetation\SunShine2\app\build\intermediates\pre-dexed\debug\classes-e9b7af7fb7f62145c34de09a79607d7d73c56482.jar E:\DevLife\codelap\Android\GoogleCompetation\SunShine2\app\build\intermediates\pre-dexed\debug\classes-ee21ebf4a034c4d3b6b60e661b51f071d487a964.jar
java_class_path (initial): C:\Users\ahmed.marzouk\AppData\Local\Android\sdk\build-tools\22.0.1\lib\dx.jar
Launcher Type: SUN_STANDARD

Environment Variables:
JAVA_HOME=C:\PROGRA~1\Java\JDK18~1.0_4
USERNAME=ahmed.marzouk
OS=Windows_NT
PROCESSOR_IDENTIFIER=Intel64 Family 6 Model 60 Stepping 3, GenuineIntel



---------------  S Y S T E M  ---------------

OS: Windows 10.0 , 64 bit Build 10240 (10.0.10240.16384)

CPU:total 8 (4 cores per cpu, 2 threads per core) family 6 model 60 stepping 3, cmov, cx8, fxsr, mmx, sse, sse2, sse3, ssse3, sse4.1, sse4.2, popcnt, avx, avx2, aes, clmul, erms, lzcnt, ht, tsc, tscinvbit, bmi1, bmi2

Memory: 4k page, physical 8298776k(272676k free), swap 12994840k(34364k free)

vm_info: Java HotSpot(TM) 64-Bit Server VM (25.45-b02) for windows-amd64 JRE (1.8.0_45-b15), built on Apr 30 2015 12:40:44 by "java_re" with MS VC++ 10.0 (VS2010)

time: Sat Dec 19 17:42:16 2015
elapsed time: 2 seconds (0d 0h 0m 2s)

